<?xml version="1.0" encoding="UTF-8"?>
<!-- Generated by org.testng.reporters.JUnitXMLReporter -->
<testsuite ignored="0" hostname="DESKTOP-VMLR7DK" failures="0" tests="2" name="HighPTest" time="57.087" errors="0" timestamp="2023-09-01T18:22:00 IST">
  <testcase classname="com.saucedemo.POMPack.TC1_VerfiyLoginFunctionality" name="verifyLoginFunctionality" time="0.024"/>
  <testcase classname="com.saucedemo.POMPack.TC2_VerifyLogOutFunctionality" name="verifyLogOutFunctionality" time="0.523"/>
</testsuite> <!-- HighPTest -->
