<?xml version="1.0" encoding="UTF-8"?>
<!-- Generated by org.testng.reporters.JUnitXMLReporter -->
<testsuite ignored="0" hostname="DESKTOP-VMLR7DK" failures="0" tests="2" name="LowPTest" time="25.003" errors="0" timestamp="2023-09-01T18:22:25 IST">
  <testcase classname="com.saucedemo.POMPack.TC3_VerifyBagProductAddToCartFunctionality" name="verifyBagProductAddToCartFunctionality" time="0.261"/>
  <testcase classname="com.saucedemo.POMPack.TC4_VerfiyAllProductsAddToCartFunctionality" name="verifyAllProductProductAddToCartFunctionality" time="0.459"/>
</testsuite> <!-- LowPTest -->
