<?xml version="1.0" encoding="UTF-8"?>
<testng-results ignored="0" total="1" passed="1" failed="0" skipped="0">
  <reporter-output>
  </reporter-output>
  <suite started-at="2023-09-09T11:37:49 IST" name="Default suite" finished-at="2023-09-09T11:37:59 IST" duration-ms="10271">
    <groups>
    </groups>
    <test started-at="2023-09-09T11:37:49 IST" name="Default test" finished-at="2023-09-09T11:37:59 IST" duration-ms="10271">
      <class name="com.sausedemo.TestPack.TC01VerifyLoginFuctionality">
        <test-method is-config="true" signature="setup()[pri:0, instance:com.sausedemo.TestPack.TC01VerifyLoginFuctionality@2e6a8155]" started-at="2023-09-09T11:37:49 IST" name="setup" finished-at="2023-09-09T11:37:58 IST" duration-ms="9137" status="PASS">
          <reporter-output>
          </reporter-output>
        </test-method> <!-- setup -->
        <test-method signature="verifyLoginFuctionality()[pri:0, instance:com.sausedemo.TestPack.TC01VerifyLoginFuctionality@2e6a8155]" started-at="2023-09-09T11:37:58 IST" name="verifyLoginFuctionality" finished-at="2023-09-09T11:37:58 IST" duration-ms="44" status="PASS">
          <reporter-output>
          </reporter-output>
        </test-method> <!-- verifyLoginFuctionality -->
        <test-method is-config="true" signature="teardown()[pri:0, instance:com.sausedemo.TestPack.TC01VerifyLoginFuctionality@2e6a8155]" started-at="2023-09-09T11:37:58 IST" name="teardown" finished-at="2023-09-09T11:37:59 IST" duration-ms="1010" status="PASS">
          <reporter-output>
          </reporter-output>
        </test-method> <!-- teardown -->
      </class> <!-- com.sausedemo.TestPack.TC01VerifyLoginFuctionality -->
    </test> <!-- Default test -->
  </suite> <!-- Default suite -->
</testng-results>
