<?xml version="1.0" encoding="UTF-8"?>
<!-- Generated by org.testng.reporters.JUnitXMLReporter -->
<testsuite ignored="0" hostname="DESKTOP-VMLR7DK" failures="0" tests="4" name="Test" time="50.115" errors="0" timestamp="2023-09-01T18:33:13 IST">
  <testcase classname="com.saucedemo.POMPack.TC1_VerfiyLoginFunctionality" name="verifyLoginFunctionality" time="0.078"/>
  <testcase classname="com.saucedemo.POMPack.TC3_VerifyBagProductAddToCartFunctionality" name="verifyBagProductAddToCartFunctionality" time="0.829"/>
  <testcase classname="com.saucedemo.POMPack.TC4_VerfiyAllProductsAddToCartFunctionality" name="verifyAllProductProductAddToCartFunctionality" time="1.246"/>
  <testcase classname="com.saucedemo.POMPack.TC2_VerifyLogOutFunctionality" name="verifyLogOutFunctionality" time="1.919"/>
</testsuite> <!-- Test -->
