<?xml version="1.0" encoding="UTF-8"?>
<!-- Generated by org.testng.reporters.JUnitXMLReporter -->
<testsuite ignored="0" hostname="DESKTOP-VMLR7DK" failures="0" tests="2" name="HighPTest" time="17.946" errors="0" timestamp="2023-09-01T18:25:31 IST">
  <testcase classname="com.saucedemo.POMPack.TC1_VerfiyLoginFunctionality" name="verifyLoginFunctionality" time="0.024"/>
  <testcase classname="com.saucedemo.POMPack.TC3_VerifyBagProductAddToCartFunctionality" name="verifyBagProductAddToCartFunctionality" time="0.272"/>
</testsuite> <!-- HighPTest -->
